<?xml version="1.0" encoding="UTF-8"?>
<!-- Generated by org.testng.reporters.JUnitReportReporter -->
<testsuite hostname="Abirs-MacBook-Pro.local" failures="0" tests="1" name="com.ebaytest.HomePageValidation" time="4.187" errors="0" timestamp="2020-11-21T09:47:24 CST" skipped="0">
  <testcase classname="com.ebaytest.HomePageValidation" name="validateUserBeingAbleToTypeOnSearchBar" time="4.187"/>
  <system-out/>
</testsuite> <!-- com.ebaytest.HomePageValidation -->
