<?xml version="1.0" encoding="UTF-8"?>
<!-- Generated by org.testng.reporters.JUnitReportReporter -->
<testsuite hostname="Abirs-MacBook-Pro.local" failures="0" tests="3" name="com.ebaytest.HomePageValidation" time="16.972" errors="0" timestamp="2020-11-21T11:33:27 CST" skipped="0">
  <testcase classname="com.ebaytest.HomePageValidation" name="validateUserIsAbleToClickOnDailyDeals" time="6.569"/>
  <system-out/>
  <testcase classname="com.ebaytest.HomePageValidation" name="validateUserBeingAbleToTypeOnSearchBar" time="3.735"/>
  <system-out/>
  <testcase classname="com.ebaytest.HomePageValidation" name="validateUserCanClickOnRegister" time="6.668"/>
  <system-out/>
</testsuite> <!-- com.ebaytest.HomePageValidation -->
